<?xml version="1.0" encoding="UTF-8"?>
<!-- Generated by org.testng.reporters.JUnitReportReporter -->
<testsuite hostname="DESKTOP-A2H5HF5" failures="0" tests="1" name="pages.SearchPage" time="8.888" errors="0" timestamp="2025-08-03T19:01:46 IST" skipped="0">
  <testcase classname="pages.SearchPage" name="SarchProduct" time="8.888"/>
</testsuite> <!-- pages.SearchPage -->
