<?xml version="1.0" encoding="UTF-8"?>
<!-- Generated by org.testng.reporters.JUnitReportReporter -->
<testsuite hostname="DESKTOP-A2H5HF5" failures="0" tests="1" name="testCases.AddToCartTest" time="24.742" errors="0" timestamp="2025-08-04T11:37:21 IST" skipped="0">
  <testcase classname="testCases.AddToCartTest" name="addtoCart" time="24.742"/>
</testsuite> <!-- testCases.AddToCartTest -->
